<?xml version="1.0" encoding="UTF-8"?>
<testng-results ignored="0" total="1" passed="1" failed="0" skipped="0">
  <reporter-output>
  </reporter-output>
  <suite started-at="2023-02-07T00:57:13Z" name="Default suite" finished-at="2023-02-07T00:57:13Z" duration-ms="20">
    <groups>
    </groups>
    <test started-at="2023-02-07T00:57:13Z" name="Default test" finished-at="2023-02-07T00:57:13Z" duration-ms="20">
      <class name="tim24.projekat.uberapp.controller.UberappApplicationTests">
        <test-method signature="contextLoads()[pri:0, instance:tim24.projekat.uberapp.controller.UberappApplicationTests@327bcebd]" started-at="2023-02-07T00:57:13Z" name="contextLoads" finished-at="2023-02-07T00:57:13Z" duration-ms="6" status="PASS">
          <reporter-output>
          </reporter-output>
        </test-method> <!-- contextLoads -->
      </class> <!-- tim24.projekat.uberapp.controller.UberappApplicationTests -->
    </test> <!-- Default test -->
  </suite> <!-- Default suite -->
</testng-results>
